#
# There is insufficient memory for the Java Runtime Environment to continue.
# Native memory allocation (malloc) failed to allocate 1048576 bytes for AllocateHeap
# Possible reasons:
#   The system is out of physical RAM or swap space
#   The process is running with CompressedOops enabled, and the Java Heap may be blocking the growth of the native heap
# Possible solutions:
#   Reduce memory load on the system
#   Increase physical memory or swap space
#   Check if swap backing store is full
#   Decrease Java heap size (-Xmx/-Xms)
#   Decrease number of Java threads
#   Decrease Java thread stack sizes (-Xss)
#   Set larger code cache with -XX:ReservedCodeCacheSize=
#   JVM is running with Unscaled Compressed Oops mode in which the Java heap is
#     placed in the first 4GB address space. The Java Heap base address is the
#     maximum limit for the native heap growth. Please use -XX:HeapBaseMinAddress
#     to set the Java Heap base and to place the Java Heap above 4GB virtual address.
# This output file may be truncated or incomplete.
#
#  Out of Memory Error (allocation.cpp:44), pid=17940, tid=24964
#
# JRE version:  (17.0.7) (build )
# Java VM: OpenJDK 64-Bit Server VM (17.0.7+0-b2043.56-10550314, mixed mode, sharing, tiered, compressed oops, compressed class ptrs, g1 gc, windows-amd64)
# No core dump will be written. Minidumps are not enabled by default on client versions of Windows
#

---------------  S U M M A R Y ------------

Command Line: 

Host: AMD Ryzen 5 5600H with Radeon Graphics         , 12 cores, 7G,  Windows 11 , 64 bit Build 26100 (10.0.26100.3912)
Time: Sat May  3 12:31:31 2025 India Standard Time elapsed time: 0.365187 seconds (0d 0h 0m 0s)

---------------  T H R E A D  ---------------

Current thread (0x0000024b7196e7b0):  JavaThread "Unknown thread" [_thread_in_vm, id=24964, stack(0x000000a840800000,0x000000a840900000)]

Stack: [0x000000a840800000,0x000000a840900000]
Native frames: (J=compiled Java code, j=interpreted, Vv=VM code, C=native code)
V  [jvm.dll+0x683bfa]
V  [jvm.dll+0x8430a4]
V  [jvm.dll+0x8449be]
V  [jvm.dll+0x845023]
V  [jvm.dll+0x24ad2f]
V  [jvm.dll+0xa69cf]
V  [jvm.dll+0x2ea707]
V  [jvm.dll+0x2e23eb]
V  [jvm.dll+0x814391]
V  [jvm.dll+0x36ffe1]
V  [jvm.dll+0x7f396c]
V  [jvm.dll+0x3f305f]
V  [jvm.dll+0x3f4b91]
C  [jli.dll+0x528f]
C  [ucrtbase.dll+0x37b0]
C  [KERNEL32.DLL+0x2e8d7]
C  [ntdll.dll+0x9c5dc]


---------------  P R O C E S S  ---------------

Threads class SMR info:
_java_thread_list=0x00007ffb773dd098, length=0, elements={
}

Java Threads: ( => current thread )

Other Threads:
  0x0000024b719c7870 GCTaskThread "GC Thread#0" [stack: 0x000000a840900000,0x000000a840a00000] [id=22336]

[error occurred during error reporting (printing all threads), id 0xc0000005, EXCEPTION_ACCESS_VIOLATION (0xc0000005) at pc=0x00007ffb76b8f650]

VM state: not at safepoint (not fully initialized)

VM Mutex/Monitor currently owned by a thread:  ([mutex/lock_event])
[0x0000024b7196bde0] Heap_lock - owner thread: 0x0000024b7196e7b0

Heap address: 0x000000008a600000, size: 1882 MB, Compressed Oops mode: 32-bit

CDS archive(s) mapped at: [0x0000000000000000-0x0000000000000000-0x0000000000000000), size 0, SharedBaseAddress: 0x0000000800000000, ArchiveRelocationMode: 0.
Narrow klass base: 0x0000000000000000, Narrow klass shift: 0, Narrow klass range: 0x0

GC Precious Log:
<Empty>

Heap:
 garbage-first heap   total 0K, used 0K [0x000000008a600000, 0x0000000100000000)
  region size 1024K, 0 young (0K), 0 survivors (0K)
 Metaspace       used 0K, committed 0K, reserved 0K
  class space    used 0K, committed 0K, reserved 0K

Heap Regions: E=young(eden), S=young(survivor), O=old, HS=humongous(starts), HC=humongous(continues), CS=collection set, F=free, OA=open archive, CA=closed archive, TAMS=top-at-mark-start (previous, next)

Card table byte_map: [0x0000024b75f40000,0x0000024b762f0000] _byte_map_base: 0x0000024b75aed000

GC Heap History (0 events):
No events

Dll operation events (1 events):
Event: 0.009 Loaded shared library C:\Program Files\Android\Android Studio1\jbr\bin\java.dll

Deoptimization events (0 events):
No events

Classes unloaded (0 events):
No events

Classes redefined (0 events):
No events

Internal exceptions (0 events):
No events

VM Operations (0 events):
No events

Events (0 events):
No events


Dynamic libraries:
0x00007ff6fd070000 - 0x00007ff6fd07a000 	C:\Program Files\Android\Android Studio1\jbr\bin\java.EXE
0x00007ffc84d20000 - 0x00007ffc84f86000 	C:\WINDOWS\SYSTEM32\ntdll.dll
0x00007ffc840d0000 - 0x00007ffc84199000 	C:\WINDOWS\System32\KERNEL32.DLL
0x00007ffc82450000 - 0x00007ffc8281c000 	C:\WINDOWS\System32\KERNELBASE.dll
0x00007ffc82270000 - 0x00007ffc823bb000 	C:\WINDOWS\System32\ucrtbase.dll
0x00007ffbb5670000 - 0x00007ffbb5687000 	C:\Program Files\Android\Android Studio1\jbr\bin\jli.dll
0x00007ffc021e0000 - 0x00007ffc021fb000 	C:\Program Files\Android\Android Studio1\jbr\bin\VCRUNTIME140.dll
0x00007ffc84460000 - 0x00007ffc8462a000 	C:\WINDOWS\System32\USER32.dll
0x00007ffc6c3b0000 - 0x00007ffc6c64a000 	C:\WINDOWS\WinSxS\amd64_microsoft.windows.common-controls_6595b64144ccf1df_6.0.26100.3912_none_3e07963ce335137e\COMCTL32.dll
0x00007ffc82010000 - 0x00007ffc82037000 	C:\WINDOWS\System32\win32u.dll
0x00007ffc846a0000 - 0x00007ffc84749000 	C:\WINDOWS\System32\msvcrt.dll
0x00007ffc83570000 - 0x00007ffc8359b000 	C:\WINDOWS\System32\GDI32.dll
0x00007ffc829a0000 - 0x00007ffc82ad2000 	C:\WINDOWS\System32\gdi32full.dll
0x00007ffc821c0000 - 0x00007ffc82263000 	C:\WINDOWS\System32\msvcp_win.dll
0x00007ffc84630000 - 0x00007ffc84660000 	C:\WINDOWS\System32\IMM32.DLL
0x00007ffc4fbc0000 - 0x00007ffc4fbcc000 	C:\Program Files\Android\Android Studio1\jbr\bin\vcruntime140_1.dll
0x00007ffb77520000 - 0x00007ffb775ad000 	C:\Program Files\Android\Android Studio1\jbr\bin\msvcp140.dll
0x00007ffb768a0000 - 0x00007ffb77520000 	C:\Program Files\Android\Android Studio1\jbr\bin\server\jvm.dll
0x00007ffc834b0000 - 0x00007ffc83562000 	C:\WINDOWS\System32\ADVAPI32.dll
0x00007ffc84020000 - 0x00007ffc840c6000 	C:\WINDOWS\System32\sechost.dll
0x00007ffc832b0000 - 0x00007ffc833c6000 	C:\WINDOWS\System32\RPCRT4.dll
0x00007ffc0cf20000 - 0x00007ffc0cf2a000 	C:\WINDOWS\SYSTEM32\WSOCK32.dll
0x00007ffc78f80000 - 0x00007ffc78fb6000 	C:\WINDOWS\SYSTEM32\WINMM.dll
0x00007ffc7b170000 - 0x00007ffc7b17b000 	C:\WINDOWS\SYSTEM32\VERSION.dll
0x00007ffc84270000 - 0x00007ffc842e4000 	C:\WINDOWS\System32\WS2_32.dll
0x00007ffc80d90000 - 0x00007ffc80daa000 	C:\WINDOWS\SYSTEM32\kernel.appcore.dll
0x00007ffc4f620000 - 0x00007ffc4f62a000 	C:\Program Files\Android\Android Studio1\jbr\bin\jimage.dll
0x00007ffc76a10000 - 0x00007ffc76c51000 	C:\WINDOWS\SYSTEM32\DBGHELP.DLL
0x00007ffc83880000 - 0x00007ffc83c04000 	C:\WINDOWS\System32\combase.dll
0x00007ffc83d80000 - 0x00007ffc83e60000 	C:\WINDOWS\System32\OLEAUT32.dll
0x00007ffc606b0000 - 0x00007ffc606e9000 	C:\WINDOWS\SYSTEM32\dbgcore.DLL
0x00007ffc81eb0000 - 0x00007ffc81f49000 	C:\WINDOWS\System32\bcryptPrimitives.dll
0x00007ffb76870000 - 0x00007ffb76895000 	C:\Program Files\Android\Android Studio1\jbr\bin\java.dll

dbghelp: loaded successfully - version: 4.0.5 - missing functions: none
symbol engine: initialized successfully - sym options: 0x614 - pdb path: .;C:\Program Files\Android\Android Studio1\jbr\bin;C:\WINDOWS\SYSTEM32;C:\WINDOWS\WinSxS\amd64_microsoft.windows.common-controls_6595b64144ccf1df_6.0.26100.3912_none_3e07963ce335137e;C:\Program Files\Android\Android Studio1\jbr\bin\server

VM Arguments:
java_command: <unknown>
java_class_path (initial): C:\Users\ahsha\Downloads\mysql-connector-j-9.2.0\mysql-connector-j-9.2.0.jar
Launcher Type: SUN_STANDARD

[Global flags]
     intx CICompilerCount                          = 4                                         {product} {ergonomic}
     uint ConcGCThreads                            = 3                                         {product} {ergonomic}
     uint G1ConcRefinementThreads                  = 10                                        {product} {ergonomic}
   size_t G1HeapRegionSize                         = 1048576                                   {product} {ergonomic}
    uintx GCDrainStackTargetSize                   = 64                                        {product} {ergonomic}
   size_t InitialHeapSize                          = 123731968                                 {product} {ergonomic}
   size_t MarkStackSize                            = 4194304                                   {product} {ergonomic}
   size_t MaxHeapSize                              = 1973420032                                {product} {ergonomic}
   size_t MinHeapDeltaBytes                        = 1048576                                   {product} {ergonomic}
   size_t MinHeapSize                              = 8388608                                   {product} {ergonomic}
    uintx NonNMethodCodeHeapSize                   = 5839372                                {pd product} {ergonomic}
    uintx NonProfiledCodeHeapSize                  = 122909434                              {pd product} {ergonomic}
    uintx ProfiledCodeHeapSize                     = 122909434                              {pd product} {ergonomic}
    uintx ReservedCodeCacheSize                    = 251658240                              {pd product} {ergonomic}
     bool SegmentedCodeCache                       = true                                      {product} {ergonomic}
   size_t SoftMaxHeapSize                          = 1973420032                             {manageable} {ergonomic}
     bool UseCompressedClassPointers               = true                           {product lp64_product} {ergonomic}
     bool UseCompressedOops                        = true                           {product lp64_product} {ergonomic}
     bool UseG1GC                                  = true                                      {product} {ergonomic}
     bool UseLargePagesIndividualAllocation        = false                                  {pd product} {ergonomic}

Logging:
Log output configuration:
 #0: stdout all=warning uptime,level,tags
 #1: stderr all=off uptime,level,tags

Environment Variables:
JAVA_HOME=C:\Progra~1\EclipseAdoptium\jdk-11.0.25.9-hotspot
CLASSPATH=C:\Users\ahsha\Downloads\mysql-connector-j-9.2.0\mysql-connector-j-9.2.0.jar
PATH=C:\Users\ahsha\flutter_windows_3.29.2-stable\flutter\bin\;C:\Progra~1\EclipseAdoptium\jdk-11.0.25.9-hotspot\bin;C:\windows\system32;C:\windows;C:\windows\System32\Wbem;C:\windows\System32\WindowsPowerShell\v1.0\;C:\windows\System32\OpenSSH\;C:\Program Files (x86)\NVIDIA Corporation\PhysX\Common;C:\Program Files\NVIDIA Corporation\NVIDIA NvDLISR;C:\MinGW\bin;C:\Program Files\Git\cmd;C:\Program Files\MySQL\MySQL Server 8.0\bin;C:\Program Files\HP\HP One Agent;C:\Program Files\nodejs\;C:\Program Files\MongoDB\mongosh-2.3.1-win32-x64\bin;C:\WINDOWS\system32;C:\WINDOWS;C:\WINDOWS\System32\Wbem;C:\WINDOWS\System32\WindowsPowerShell\v1.0\;C:\WINDOWS\System32\OpenSSH\;C:\Users\ahsha\flutter_windows_3.29.2-stable\flutter\bin;C:\Users\ahsha\AppData\Local\Android\Sdk\platform-tools;C:\Hadoop\hadoop-3.3.0\bin;C:\Hadoop\hadoop-3.3.0\sbin;C:\Users\ahsha\AppData\Local\Programs\Python\Python311;C:\Users\ahsha\Downloads\apache-maven-3.9.9-bin\apache-maven-3.9.9\bin;C:\Program Files\Cloudflare\Cloudflare WARP\;C:\Users\ahsha\AppData\Local\Android\Sdk\cmdline-tools\latest\bin;C:\Program Files\Common Files\Oracle\Java\javapath;C:\Users\ahsha\AppData\Local\Programs\Python\Python311\Scripts\;C:\Users\ahsha\AppData\Local\Programs\Py;C:\Users\ahsha\AppData\Local\Programs\Microsoft VS Code\bin;c:\Users\ahsha\.vscode\extensions\ms-python.debugpy-2025.5.2025031101-win32-x64\bundled\scripts\noConfigScripts;C:\Users\ahsha\flutter_windows_3.29.2-stable\flutter\bin\mingit\cmd
USERNAME=ahsha
LANG=en_US.UTF-8
OS=Windows_NT
PROCESSOR_IDENTIFIER=AMD64 Family 25 Model 80 Stepping 0, AuthenticAMD
TMP=C:\Users\ahsha\AppData\Local\Temp
TEMP=C:\Users\ahsha\AppData\Local\Temp


JNI global refs:
JNI global refs: 0, weak refs: 0

JNI global refs memory usage: 0, weak refs: 0

OOME stack traces (most recent first):
Classloader memory used:


---------------  S Y S T E M  ---------------

OS:
 Windows 11 , 64 bit Build 26100 (10.0.26100.3912)
OS uptime: 2 days 2:30 hours

CPU: total 12 (initial active 12) (12 cores per cpu, 2 threads per core) family 25 model 80 stepping 0 microcode 0xa50000d, cx8, cmov, fxsr, ht, mmx, 3dnowpref, sse, sse2, sse3, ssse3, sse4a, sse4.1, sse4.2, popcnt, lzcnt, tsc, tscinvbit, avx, avx2, aes, erms, clmul, bmi1, bmi2, adx, sha, fma, vzeroupper, clflush, clflushopt

Memory: 4k page, system-wide physical 7521M (655M free)
TotalPageFile size 31073M (AvailPageFile size 3M)
current process WorkingSet (physical memory assigned to process): 11M, peak: 11M
current process commit charge ("private bytes"): 55M, peak: 56M

vm_info: OpenJDK 64-Bit Server VM (17.0.7+0-b2043.56-10550314) for windows-amd64 JRE (17.0.7+0-b2043.56-10550314), built on Jul 24 2023 18:27:45 by "androidbuild" with MS VC++ 16.10 / 16.11 (VS2019)

END.
